>2026-04-15 23:54:12.00279< :  Starting HexMeshPrepare...
>2026-04-15 23:54:12.00287< :  HexMeshPrepare: SolverControl Specific Locals Configuration started ...
>2026-04-15 23:54:12.00313< :  ... SolverControl Specific Locals Configuration finished.
>2026-04-15 23:54:12.00323< :  HexMeshPrepare: SolverControl Specific Globals Configuration started ...
>2026-04-15 23:54:12.00331< :  ... SolverControl Specific Globals Configuration finished.
>2026-04-15 23:54:12.00340< :  HexMesh Preparation concluded with success!
>2026-04-15 23:54:12.00348< :  HexMeshEngine correctly configured.
>2026-04-15 23:54:12.00356< :  Generating Meshlines ...
>2026-04-15 23:54:12.00363< :  ... Meshlines Generation Finished.
>2026-04-15 23:54:12.00372< :  Meshlines Postprocessing starting...
>2026-04-15 23:54:12.00379< :  .. Meshlines Postprocessing finished.
>2026-04-15 23:54:18.00467< :  Starting HexMeshPrepare...
>2026-04-15 23:54:18.00476< :  HexMeshPrepare: SolverControl Specific Locals Configuration started ...
>2026-04-15 23:54:18.00492< :  ... SolverControl Specific Locals Configuration finished.
>2026-04-15 23:54:18.00501< :  HexMeshPrepare: SolverControl Specific Globals Configuration started ...
>2026-04-15 23:54:18.00509< :  ... SolverControl Specific Globals Configuration finished.
>2026-04-15 23:54:18.00519< :  HexMesh Preparation concluded with success!
>2026-04-15 23:54:18.00528< :  HexMeshEngine correctly configured.
>2026-04-15 23:54:18.00537< :  Generating Meshlines ...
>2026-04-15 23:54:18.00546< :  ... Meshlines Generation Finished.
>2026-04-15 23:54:18.00555< :  Meshlines Postprocessing starting...
>2026-04-15 23:54:18.00565< :  .. Meshlines Postprocessing finished.
